<?xml version="1.0" encoding="UTF-8"?>
<!-- Generated by org.testng.reporters.JUnitReportReporter -->
<testsuite skipped="0" name="com.test.testngdemo2" tests="1" failures="0" timestamp="05 Oct 2017 10:16:47 GMT" time="0.014" errors="0">
  <testcase name="testmethod" time="0.014" classname="com.test.testngdemo2"/>
</testsuite> <!-- com.test.testngdemo2 -->
