<?xml version="1.0" encoding="UTF-8"?>
<!-- Generated by org.testng.reporters.JUnitReportReporter -->
<testsuite skipped="0" name="com.test.testngdemo" tests="1" failures="0" timestamp="05 Oct 2017 05:02:34 GMT" time="0.008" errors="0">
  <testcase name="testmethod" time="0.008" classname="com.test.testngdemo"/>
</testsuite> <!-- com.test.testngdemo -->
