<?xml version="1.0" encoding="UTF-8"?>
<!-- Generated by org.testng.reporters.JUnitReportReporter -->
<testsuite skipped="0" name="com.test.Demodataprovider" tests="2" failures="0" timestamp="05 Oct 2017 10:16:47 GMT" time="0.005" errors="0">
  <testcase name="testmethod" time="0.003" classname="com.test.Demodataprovider"/>
  <testcase name="testmethod" time="0.002" classname="com.test.Demodataprovider"/>
</testsuite> <!-- com.test.Demodataprovider -->
