<?xml version="1.0" encoding="UTF-8"?>
<!-- Generated by org.testng.reporters.JUnitReportReporter -->
<testsuite skipped="0" hostname="QSP-029" name="com.craftsvilla.test.DataProviderExpl" tests="2" failures="0" timestamp="06 Dec 2017 05:52:08 GMT" time="0.011" errors="0">
  <testcase name="verify" time="0.001" classname="com.craftsvilla.test.DataProviderExpl"/>
  <testcase name="verify" time="0.010" classname="com.craftsvilla.test.DataProviderExpl"/>
</testsuite> <!-- com.craftsvilla.test.DataProviderExpl -->
